# JRE version: OpenJDK Runtime Environment Temurin-17.0.12+7 (17.0.12+7) (build 17.0.12+7)
# Java VM: OpenJDK 64-Bit Server VM Temurin-17.0.12+7 (17.0.12+7, mixed mode, emulated-client, tiered, compressed oops, compressed class ptrs, g1 gc, windows-amd64)
GC Precious Log:
 CPUs: 16 total, 16 available
 Memory: 32482M
 Large Page Support: Disabled
 NUMA Support: Disabled
 Compressed Oops: Enabled (32-bit)
 Heap Region Size: 1M
 Heap Min Capacity: 8M
 Heap Initial Capacity: 508M
 Heap Max Capacity: 1G
 Pre-touch: Disabled
 Parallel Workers: 13
 Concurrent Workers: 3
 Concurrent Refinement Workers: 13
 Periodic GC: Disabled
Heap:
 garbage-first heap   total 116736K, used 33957K [0x00000000c0000000, 0x0000000100000000)
  region size 1024K, 1 young (1024K), 0 survivors (0K)
 Metaspace       used 66200K, committed 66944K, reserved 1114112K
  class space    used 8182K, committed 8512K, reserved 1048576K
GC Heap History (20 events):
Event: 875297.767 GC heap after
{Heap after GC invocations=75492 (full 74889):
 garbage-first heap   total 116736K, used 33957K [0x00000000c0000000, 0x0000000100000000)
  region size 1024K, 0 young (0K), 0 survivors (0K)
 Metaspace       used 66200K, committed 66944K, reserved 1114112K
  class space    used 8182K, committed 8512K, reserved 1048576K
}
Event: 875310.131 GC heap before
{Heap before GC invocations=75492 (full 74889):
 garbage-first heap   total 116736K, used 33957K [0x00000000c0000000, 0x0000000100000000)
  region size 1024K, 1 young (1024K), 0 survivors (0K)
 Metaspace       used 66200K, committed 66944K, reserved 1114112K
  class space    used 8182K, committed 8512K, reserved 1048576K
}
Event: 875310.225 GC heap after
{Heap after GC invocations=75493 (full 74890):
 garbage-first heap   total 116736K, used 33957K [0x00000000c0000000, 0x0000000100000000)
  region size 1024K, 0 young (0K), 0 survivors (0K)
 Metaspace       used 66200K, committed 66944K, reserved 1114112K
  class space    used 8182K, committed 8512K, reserved 1048576K
}
Event: 875321.871 GC heap before
{Heap before GC invocations=75493 (full 74890):
 garbage-first heap   total 116736K, used 33957K [0x00000000c0000000, 0x0000000100000000)
  region size 1024K, 1 young (1024K), 0 survivors (0K)
 Metaspace       used 66200K, committed 66944K, reserved 1114112K
  class space    used 8182K, committed 8512K, reserved 1048576K
}
Event: 875321.940 GC heap after
{Heap after GC invocations=75494 (full 74891):
 garbage-first heap   total 116736K, used 33957K [0x00000000c0000000, 0x0000000100000000)
  region size 1024K, 0 young (0K), 0 survivors (0K)
 Metaspace       used 66200K, committed 66944K, reserved 1114112K
  class space    used 8182K, committed 8512K, reserved 1048576K
}
Event: 875334.059 GC heap before
{Heap before GC invocations=75494 (full 74891):
 garbage-first heap   total 116736K, used 33957K [0x00000000c0000000, 0x0000000100000000)
  region size 1024K, 1 young (1024K), 0 survivors (0K)
 Metaspace       used 66200K, committed 66944K, reserved 1114112K
  class space    used 8182K, committed 8512K, reserved 1048576K
}
Event: 875334.143 GC heap after
{Heap after GC invocations=75495 (full 74892):
 garbage-first heap   total 116736K, used 33957K [0x00000000c0000000, 0x0000000100000000)
  region size 1024K, 0 young (0K), 0 survivors (0K)
 Metaspace       used 66200K, committed 66944K, reserved 1114112K
  class space    used 8182K, committed 8512K, reserved 1048576K
}
Event: 875346.761 GC heap before
{Heap before GC invocations=75495 (full 74892):
 garbage-first heap   total 116736K, used 33957K [0x00000000c0000000, 0x0000000100000000)
  region size 1024K, 1 young (1024K), 0 survivors (0K)
 Metaspace       used 66200K, committed 66944K, reserved 1114112K
  class space    used 8182K, committed 8512K, reserved 1048576K
}
Event: 875346.835 GC heap after
{Heap after GC invocations=75496 (full 74893):
 garbage-first heap   total 116736K, used 33957K [0x00000000c0000000, 0x0000000100000000)
  region size 1024K, 0 young (0K), 0 survivors (0K)
 Metaspace       used 66200K, committed 66944K, reserved 1114112K
  class space    used 8182K, committed 8512K, reserved 1048576K
}
Event: 875358.587 GC heap before
{Heap before GC invocations=75496 (full 74893):
 garbage-first heap   total 116736K, used 33957K [0x00000000c0000000, 0x0000000100000000)
  region size 1024K, 1 young (1024K), 0 survivors (0K)
 Metaspace       used 66200K, committed 66944K, reserved 1114112K
  class space    used 8182K, committed 8512K, reserved 1048576K
}
Event: 875358.670 GC heap after
{Heap after GC invocations=75497 (full 74894):
 garbage-first heap   total 116736K, used 33957K [0x00000000c0000000, 0x0000000100000000)
  region size 1024K, 0 young (0K), 0 survivors (0K)
 Metaspace       used 66200K, committed 66944K, reserved 1114112K
  class space    used 8182K, committed 8512K, reserved 1048576K
}
Event: 875370.166 GC heap before
{Heap before GC invocations=75497 (full 74894):
 garbage-first heap   total 116736K, used 33957K [0x00000000c0000000, 0x0000000100000000)
  region size 1024K, 1 young (1024K), 0 survivors (0K)
 Metaspace       used 66200K, committed 66944K, reserved 1114112K
  class space    used 8182K, committed 8512K, reserved 1048576K
}
Event: 875370.239 GC heap after
{Heap after GC invocations=75498 (full 74895):
 garbage-first heap   total 116736K, used 33957K [0x00000000c0000000, 0x0000000100000000)
  region size 1024K, 0 young (0K), 0 survivors (0K)
 Metaspace       used 66200K, committed 66944K, reserved 1114112K
  class space    used 8182K, committed 8512K, reserved 1048576K
}
Event: 875382.369 GC heap before
{Heap before GC invocations=75498 (full 74895):
 garbage-first heap   total 116736K, used 33957K [0x00000000c0000000, 0x0000000100000000)
  region size 1024K, 1 young (1024K), 0 survivors (0K)
 Metaspace       used 66200K, committed 66944K, reserved 1114112K
  class space    used 8182K, committed 8512K, reserved 1048576K
}
Event: 875382.488 GC heap after
{Heap after GC invocations=75499 (full 74896):
 garbage-first heap   total 116736K, used 33957K [0x00000000c0000000, 0x0000000100000000)
  region size 1024K, 0 young (0K), 0 survivors (0K)
 Metaspace       used 66200K, committed 66944K, reserved 1114112K
  class space    used 8182K, committed 8512K, reserved 1048576K
}
Event: 875424.424 GC heap before
{Heap before GC invocations=75499 (full 74896):
 garbage-first heap   total 116736K, used 33957K [0x00000000c0000000, 0x0000000100000000)
  region size 1024K, 1 young (1024K), 0 survivors (0K)
 Metaspace       used 66200K, committed 66944K, reserved 1114112K
  class space    used 8182K, committed 8512K, reserved 1048576K
}
Event: 875424.511 GC heap after
{Heap after GC invocations=75500 (full 74897):
 garbage-first heap   total 116736K, used 33957K [0x00000000c0000000, 0x0000000100000000)
  region size 1024K, 0 young (0K), 0 survivors (0K)
 Metaspace       used 66200K, committed 66944K, reserved 1114112K
  class space    used 8182K, committed 8512K, reserved 1048576K
}
Event: 875436.334 GC heap before
{Heap before GC invocations=75500 (full 74897):
 garbage-first heap   total 116736K, used 33957K [0x00000000c0000000, 0x0000000100000000)
  region size 1024K, 1 young (1024K), 0 survivors (0K)
 Metaspace       used 66200K, committed 66944K, reserved 1114112K
  class space    used 8182K, committed 8512K, reserved 1048576K
}
Event: 875436.419 GC heap after
{Heap after GC invocations=75501 (full 74898):
 garbage-first heap   total 116736K, used 33957K [0x00000000c0000000, 0x0000000100000000)
  region size 1024K, 0 young (0K), 0 survivors (0K)
 Metaspace       used 66200K, committed 66944K, reserved 1114112K
  class space    used 8182K, committed 8512K, reserved 1048576K
}
Event: 875446.457 GC heap before
{Heap before GC invocations=75501 (full 74898):
 garbage-first heap   total 116736K, used 33957K [0x00000000c0000000, 0x0000000100000000)
  region size 1024K, 1 young (1024K), 0 survivors (0K)
 Metaspace       used 66200K, committed 66944K, reserved 1114112K
  class space    used 8182K, committed 8512K, reserved 1048576K
}

